[0.459s] Invoking command in '/home/ros2_ws/build/ros2_listener': PYTHONPATH=/home/ros2_ws/install/ros2_listener/lib/python3.8/site-packages:${PYTHONPATH} _=/usr/bin/env /usr/bin/python3 setup.py develop --prefix /home/ros2_ws/install/ros2_listener --uninstall --editable --build-directory /home/ros2_ws/build/ros2_listener/build
[0.868s] running develop
[1.111s] Invoked command in '/home/ros2_ws/build/ros2_listener' returned '0': PYTHONPATH=/home/ros2_ws/install/ros2_listener/lib/python3.8/site-packages:${PYTHONPATH} _=/usr/bin/env /usr/bin/python3 setup.py develop --prefix /home/ros2_ws/install/ros2_listener --uninstall --editable --build-directory /home/ros2_ws/build/ros2_listener/build
[1.116s] Invoking command in '/home/ros2_ws/src/ros2_listener': PYTHONPATH=/home/ros2_ws/install/ros2_listener/lib/python3.8/site-packages:${PYTHONPATH} _=/usr/bin/env /usr/bin/python3 setup.py egg_info --egg-base ../../build/ros2_listener build --build-base /home/ros2_ws/build/ros2_listener/build install --prefix /home/ros2_ws/install/ros2_listener --record /home/ros2_ws/build/ros2_listener/install.log --single-version-externally-managed
[1.482s] running egg_info
[1.483s] writing ../../build/ros2_listener/ros2_listener.egg-info/PKG-INFO
[1.484s] writing dependency_links to ../../build/ros2_listener/ros2_listener.egg-info/dependency_links.txt
[1.484s] writing entry points to ../../build/ros2_listener/ros2_listener.egg-info/entry_points.txt
[1.485s] writing requirements to ../../build/ros2_listener/ros2_listener.egg-info/requires.txt
[1.485s] writing top-level names to ../../build/ros2_listener/ros2_listener.egg-info/top_level.txt
[1.560s] reading manifest file '../../build/ros2_listener/ros2_listener.egg-info/SOURCES.txt'
[1.560s] writing manifest file '../../build/ros2_listener/ros2_listener.egg-info/SOURCES.txt'
[1.561s] running build
[1.561s] running build_py
[1.561s] running install
[1.564s] running install_lib
[1.567s] running install_data
[1.568s] running install_egg_info
[1.572s] removing '/home/ros2_ws/install/ros2_listener/lib/python3.8/site-packages/ros2_listener-0.0.0-py3.8.egg-info' (and everything under it)
[1.572s] Copying ../../build/ros2_listener/ros2_listener.egg-info to /home/ros2_ws/install/ros2_listener/lib/python3.8/site-packages/ros2_listener-0.0.0-py3.8.egg-info
[1.574s] running install_scripts
[1.614s] Installing sensor_distancy_listener script to /home/ros2_ws/install/ros2_listener/lib/ros2_listener
[1.615s] writing list of installed files to '/home/ros2_ws/build/ros2_listener/install.log'
[1.669s] Invoked command in '/home/ros2_ws/src/ros2_listener' returned '0': PYTHONPATH=/home/ros2_ws/install/ros2_listener/lib/python3.8/site-packages:${PYTHONPATH} _=/usr/bin/env /usr/bin/python3 setup.py egg_info --egg-base ../../build/ros2_listener build --build-base /home/ros2_ws/build/ros2_listener/build install --prefix /home/ros2_ws/install/ros2_listener --record /home/ros2_ws/build/ros2_listener/install.log --single-version-externally-managed
