[0.460s] Invoking command in '/home/ros2_ws/src/ros2_listener': PYTHONPATH=/home/ros2_ws/install/ros2_listener/lib/python3.8/site-packages:${PYTHONPATH} _=/usr/bin/env /usr/bin/python3 setup.py egg_info --egg-base ../../build/ros2_listener build --build-base /home/ros2_ws/build/ros2_listener/build install --prefix /home/ros2_ws/install/ros2_listener --record /home/ros2_ws/build/ros2_listener/install.log --single-version-externally-managed
[0.839s] running egg_info
[0.839s] writing ../../build/ros2_listener/ros2_listener.egg-info/PKG-INFO
[0.839s] writing dependency_links to ../../build/ros2_listener/ros2_listener.egg-info/dependency_links.txt
[0.839s] writing entry points to ../../build/ros2_listener/ros2_listener.egg-info/entry_points.txt
[0.840s] writing requirements to ../../build/ros2_listener/ros2_listener.egg-info/requires.txt
[0.840s] writing top-level names to ../../build/ros2_listener/ros2_listener.egg-info/top_level.txt
[0.912s] reading manifest file '../../build/ros2_listener/ros2_listener.egg-info/SOURCES.txt'
[0.914s] writing manifest file '../../build/ros2_listener/ros2_listener.egg-info/SOURCES.txt'
[0.914s] running build
[0.914s] running build_py
[0.915s] running install
[0.916s] running install_lib
[0.919s] running install_data
[0.920s] running install_egg_info
[0.924s] removing '/home/ros2_ws/install/ros2_listener/lib/python3.8/site-packages/ros2_listener-0.0.0-py3.8.egg-info' (and everything under it)
[0.925s] Copying ../../build/ros2_listener/ros2_listener.egg-info to /home/ros2_ws/install/ros2_listener/lib/python3.8/site-packages/ros2_listener-0.0.0-py3.8.egg-info
[0.927s] running install_scripts
[0.963s] Installing sensor_distancy_listener script to /home/ros2_ws/install/ros2_listener/lib/ros2_listener
[0.964s] writing list of installed files to '/home/ros2_ws/build/ros2_listener/install.log'
[1.017s] Invoked command in '/home/ros2_ws/src/ros2_listener' returned '0': PYTHONPATH=/home/ros2_ws/install/ros2_listener/lib/python3.8/site-packages:${PYTHONPATH} _=/usr/bin/env /usr/bin/python3 setup.py egg_info --egg-base ../../build/ros2_listener build --build-base /home/ros2_ws/build/ros2_listener/build install --prefix /home/ros2_ws/install/ros2_listener --record /home/ros2_ws/build/ros2_listener/install.log --single-version-externally-managed
