running develop
Removing /home/ros2_ws/install/ros2_listener/lib/python3.8/site-packages/ros2-listener.egg-link (link to .)
running egg_info
writing ../../build/ros2_listener/ros2_listener.egg-info/PKG-INFO
writing dependency_links to ../../build/ros2_listener/ros2_listener.egg-info/dependency_links.txt
writing entry points to ../../build/ros2_listener/ros2_listener.egg-info/entry_points.txt
writing requirements to ../../build/ros2_listener/ros2_listener.egg-info/requires.txt
writing top-level names to ../../build/ros2_listener/ros2_listener.egg-info/top_level.txt
reading manifest file '../../build/ros2_listener/ros2_listener.egg-info/SOURCES.txt'
writing manifest file '../../build/ros2_listener/ros2_listener.egg-info/SOURCES.txt'
running build
running build_py
copying ros2_listener/sensor_distancy_listener.py -> /home/ros2_ws/build/ros2_listener/build/lib/ros2_listener
running install
running install_lib
creating /home/ros2_ws/install/ros2_listener/lib/python3.8/site-packages/ros2_listener
copying /home/ros2_ws/build/ros2_listener/build/lib/ros2_listener/__init__.py -> /home/ros2_ws/install/ros2_listener/lib/python3.8/site-packages/ros2_listener
copying /home/ros2_ws/build/ros2_listener/build/lib/ros2_listener/sensor_distancy_listener.py -> /home/ros2_ws/install/ros2_listener/lib/python3.8/site-packages/ros2_listener
byte-compiling /home/ros2_ws/install/ros2_listener/lib/python3.8/site-packages/ros2_listener/__init__.py to __init__.cpython-38.pyc
byte-compiling /home/ros2_ws/install/ros2_listener/lib/python3.8/site-packages/ros2_listener/sensor_distancy_listener.py to sensor_distancy_listener.cpython-38.pyc
running install_data
running install_egg_info
Copying ../../build/ros2_listener/ros2_listener.egg-info to /home/ros2_ws/install/ros2_listener/lib/python3.8/site-packages/ros2_listener-0.0.0-py3.8.egg-info
running install_scripts
Installing sensor_distancy_listener script to /home/ros2_ws/install/ros2_listener/lib/ros2_listener
writing list of installed files to '/home/ros2_ws/build/ros2_listener/install.log'
