[0.477s] Invoking command in '/home/ros2_ws/build/ros2_listener': PYTHONPATH=/home/ros2_ws/install/ros2_listener/lib/python3.8/site-packages:${PYTHONPATH} _=/usr/bin/env /usr/bin/python3 setup.py develop --prefix /home/ros2_ws/install/ros2_listener --uninstall --editable --build-directory /home/ros2_ws/build/ros2_listener/build
[0.870s] running develop
[1.080s] Removing /home/ros2_ws/install/ros2_listener/lib/python3.8/site-packages/ros2-listener.egg-link (link to .)
[1.118s] Invoked command in '/home/ros2_ws/build/ros2_listener' returned '0': PYTHONPATH=/home/ros2_ws/install/ros2_listener/lib/python3.8/site-packages:${PYTHONPATH} _=/usr/bin/env /usr/bin/python3 setup.py develop --prefix /home/ros2_ws/install/ros2_listener --uninstall --editable --build-directory /home/ros2_ws/build/ros2_listener/build
[1.120s] Invoking command in '/home/ros2_ws/src/ros2_listener': PYTHONPATH=/home/ros2_ws/install/ros2_listener/lib/python3.8/site-packages:${PYTHONPATH} _=/usr/bin/env /usr/bin/python3 setup.py egg_info --egg-base ../../build/ros2_listener build --build-base /home/ros2_ws/build/ros2_listener/build install --prefix /home/ros2_ws/install/ros2_listener --record /home/ros2_ws/build/ros2_listener/install.log --single-version-externally-managed
[1.479s] running egg_info
[1.486s] writing ../../build/ros2_listener/ros2_listener.egg-info/PKG-INFO
[1.486s] writing dependency_links to ../../build/ros2_listener/ros2_listener.egg-info/dependency_links.txt
[1.486s] writing entry points to ../../build/ros2_listener/ros2_listener.egg-info/entry_points.txt
[1.486s] writing requirements to ../../build/ros2_listener/ros2_listener.egg-info/requires.txt
[1.486s] writing top-level names to ../../build/ros2_listener/ros2_listener.egg-info/top_level.txt
[1.562s] reading manifest file '../../build/ros2_listener/ros2_listener.egg-info/SOURCES.txt'
[1.564s] writing manifest file '../../build/ros2_listener/ros2_listener.egg-info/SOURCES.txt'
[1.565s] running build
[1.565s] running build_py
[1.565s] copying ros2_listener/sensor_distancy_listener.py -> /home/ros2_ws/build/ros2_listener/build/lib/ros2_listener
[1.565s] running install
[1.567s] running install_lib
[1.570s] creating /home/ros2_ws/install/ros2_listener/lib/python3.8/site-packages/ros2_listener
[1.570s] copying /home/ros2_ws/build/ros2_listener/build/lib/ros2_listener/__init__.py -> /home/ros2_ws/install/ros2_listener/lib/python3.8/site-packages/ros2_listener
[1.571s] copying /home/ros2_ws/build/ros2_listener/build/lib/ros2_listener/sensor_distancy_listener.py -> /home/ros2_ws/install/ros2_listener/lib/python3.8/site-packages/ros2_listener
[1.571s] byte-compiling /home/ros2_ws/install/ros2_listener/lib/python3.8/site-packages/ros2_listener/__init__.py to __init__.cpython-38.pyc
[1.574s] byte-compiling /home/ros2_ws/install/ros2_listener/lib/python3.8/site-packages/ros2_listener/sensor_distancy_listener.py to sensor_distancy_listener.cpython-38.pyc
[1.574s] running install_data
[1.576s] running install_egg_info
[1.580s] Copying ../../build/ros2_listener/ros2_listener.egg-info to /home/ros2_ws/install/ros2_listener/lib/python3.8/site-packages/ros2_listener-0.0.0-py3.8.egg-info
[1.583s] running install_scripts
[1.632s] Installing sensor_distancy_listener script to /home/ros2_ws/install/ros2_listener/lib/ros2_listener
[1.633s] writing list of installed files to '/home/ros2_ws/build/ros2_listener/install.log'
[1.685s] Invoked command in '/home/ros2_ws/src/ros2_listener' returned '0': PYTHONPATH=/home/ros2_ws/install/ros2_listener/lib/python3.8/site-packages:${PYTHONPATH} _=/usr/bin/env /usr/bin/python3 setup.py egg_info --egg-base ../../build/ros2_listener build --build-base /home/ros2_ws/build/ros2_listener/build install --prefix /home/ros2_ws/install/ros2_listener --record /home/ros2_ws/build/ros2_listener/install.log --single-version-externally-managed
